TN:
SF:/Users/eric/Development/feathersjs/feathers-nedb/lib/index.js
FN:7,(anonymous_2)
FN:7,(anonymous_3)
FN:9,(anonymous_4)
FN:9,defineProperties
FN:9,(anonymous_6)
FN:35,_interopRequireDefault
FN:37,_defineProperty
FN:39,_classCallCheck
FN:42,(anonymous_10)
FN:43,Service
FN:62,extend
FN:67,_find
FN:99,runQuery
FN:100,(anonymous_15)
FN:118,find
FN:120,(anonymous_17)
FN:125,(anonymous_18)
FN:134,_get
FN:135,(anonymous_20)
FN:145,get
FN:150,_findOrGet
FN:152,(anonymous_23)
FN:161,create
FN:164,addId
FN:177,patch
FN:188,(anonymous_27)
FN:203,(anonymous_28)
FN:209,update
FN:227,(anonymous_30)
FN:233,remove
FN:242,(anonymous_32)
FN:243,(anonymous_33)
FN:253,init
FNF:33
FNH:27
FNDA:0,(anonymous_2)
FNDA:0,(anonymous_3)
FNDA:1,(anonymous_4)
FNDA:1,defineProperties
FNDA:1,(anonymous_6)
FNDA:5,_interopRequireDefault
FNDA:3,_defineProperty
FNDA:1,_classCallCheck
FNDA:1,(anonymous_10)
FNDA:1,Service
FNDA:1,extend
FNDA:3,_find
FNDA:3,runQuery
FNDA:3,(anonymous_15)
FNDA:3,find
FNDA:3,(anonymous_17)
FNDA:0,(anonymous_18)
FNDA:3,_get
FNDA:3,(anonymous_20)
FNDA:1,get
FNDA:2,_findOrGet
FNDA:0,(anonymous_23)
FNDA:4,create
FNDA:4,addId
FNDA:1,patch
FNDA:1,(anonymous_27)
FNDA:1,(anonymous_28)
FNDA:0,update
FNDA:0,(anonymous_30)
FNDA:1,remove
FNDA:1,(anonymous_32)
FNDA:1,(anonymous_33)
FNDA:1,init
DA:3,1
DA:7,1
DA:9,20
DA:11,1
DA:13,1
DA:15,1
DA:17,1
DA:19,1
DA:21,1
DA:23,1
DA:25,1
DA:27,1
DA:29,1
DA:31,1
DA:33,1
DA:35,5
DA:37,3
DA:39,1
DA:42,1
DA:44,1
DA:46,1
DA:47,0
DA:50,1
DA:51,0
DA:54,1
DA:55,1
DA:56,1
DA:57,1
DA:60,1
DA:63,1
DA:67,3
DA:68,3
DA:71,3
DA:73,3
DA:74,3
DA:77,3
DA:81,0
DA:86,3
DA:91,3
DA:96,1
DA:99,3
DA:100,3
DA:101,3
DA:110,3
DA:111,3
DA:114,0
DA:119,3
DA:120,3
DA:121,3
DA:124,3
DA:125,0
DA:126,0
DA:130,3
DA:135,3
DA:136,3
DA:137,0
DA:140,3
DA:146,1
DA:151,2
DA:152,0
DA:153,0
DA:157,2
DA:162,4
DA:164,4
DA:165,4
DA:166,0
DA:169,4
DA:171,4
DA:173,4
DA:177,2
DA:178,1
DA:180,1
DA:182,1
DA:183,1
DA:185,1
DA:189,1
DA:190,0
DA:192,1
DA:196,1
DA:204,1
DA:210,0
DA:212,0
DA:213,0
DA:216,0
DA:218,0
DA:219,0
DA:221,0
DA:223,0
DA:224,0
DA:227,0
DA:228,0
DA:234,1
DA:236,1
DA:238,1
DA:239,1
DA:242,1
DA:243,1
DA:244,1
DA:250,1
DA:254,1
DA:257,1
DA:258,1
LF:102
LH:80
BRDA:7,0,0,1
BRDA:7,0,1,0
BRDA:7,1,0,1
BRDA:7,1,1,1
BRDA:7,2,0,0
BRDA:7,2,1,0
BRDA:7,3,0,0
BRDA:7,3,1,0
BRDA:7,4,0,0
BRDA:7,4,1,0
BRDA:7,4,2,0
BRDA:7,4,3,0
BRDA:7,5,0,0
BRDA:7,5,1,0
BRDA:9,6,0,10
BRDA:9,6,1,10
BRDA:9,7,0,10
BRDA:9,7,1,0
BRDA:9,8,0,1
BRDA:9,8,1,0
BRDA:9,9,0,0
BRDA:9,9,1,1
BRDA:35,10,0,0
BRDA:35,10,1,5
BRDA:35,11,0,5
BRDA:35,11,1,5
BRDA:37,12,0,0
BRDA:37,12,1,3
BRDA:39,13,0,0
BRDA:39,13,1,1
BRDA:46,14,0,0
BRDA:46,14,1,1
BRDA:50,15,0,0
BRDA:50,15,1,1
BRDA:55,16,0,1
BRDA:55,16,1,1
BRDA:56,17,0,1
BRDA:56,17,1,1
BRDA:57,18,0,1
BRDA:57,18,1,0
BRDA:68,19,0,0
BRDA:68,19,1,3
BRDA:68,20,0,3
BRDA:68,20,1,3
BRDA:71,21,0,3
BRDA:71,21,1,0
BRDA:67,22,0,0
BRDA:67,22,1,3
BRDA:67,23,0,3
BRDA:67,23,1,0
BRDA:67,24,0,3
BRDA:67,24,1,0
BRDA:67,25,0,1
BRDA:67,25,1,2
BRDA:104,26,0,3
BRDA:104,26,1,2
BRDA:110,27,0,3
BRDA:110,27,1,0
BRDA:119,28,0,0
BRDA:119,28,1,3
BRDA:119,29,0,3
BRDA:119,29,1,3
BRDA:124,30,0,0
BRDA:124,30,1,3
BRDA:136,31,0,0
BRDA:136,31,1,3
BRDA:151,32,0,0
BRDA:151,32,1,2
BRDA:165,33,0,0
BRDA:165,33,1,4
BRDA:165,34,0,4
BRDA:165,34,1,0
BRDA:171,35,0,0
BRDA:171,35,1,4
BRDA:189,36,0,0
BRDA:189,36,1,1
BRDA:189,37,0,1
BRDA:189,37,1,1
BRDA:189,37,2,0
BRDA:212,38,0,0
BRDA:212,38,1,0
BRDA:212,39,0,0
BRDA:212,39,1,0
BRDA:223,40,0,0
BRDA:223,40,1,0
BRF:85
BRH:44
end_of_record
TN:
SF:/Users/eric/Development/feathersjs/feathers-nedb/lib/utils.js
FN:9,multiOptions
FN:21,getSelect
FN:24,(anonymous_2)
FN:33,nfcall
FN:36,(anonymous_4)
FN:37,(anonymous_5)
FNF:6
FNH:4
FNDA:2,multiOptions
FNDA:0,getSelect
FNDA:0,(anonymous_2)
FNDA:15,nfcall
FNDA:15,(anonymous_4)
FNDA:15,(anonymous_5)
DA:3,1
DA:6,1
DA:7,1
DA:8,1
DA:10,2
DA:11,2
DA:13,2
DA:14,2
DA:15,2
DA:18,2
DA:22,0
DA:23,0
DA:24,0
DA:25,0
DA:27,0
DA:30,0
DA:34,15
DA:36,15
DA:37,15
DA:38,15
DA:39,0
DA:42,15
DA:45,15
LF:23
LH:16
BRDA:11,0,0,2
BRDA:11,0,1,2
BRDA:13,1,0,2
BRDA:13,1,1,0
BRDA:22,2,0,0
BRDA:22,2,1,0
BRDA:38,3,0,0
BRDA:38,3,1,15
BRF:8
BRH:4
end_of_record
TN:
SF:/Users/eric/Development/feathersjs/feathers-nedb/src/index.js
FN:9,Service
FN:55,runQuery
FN:56,(anonymous_13)
FN:77,(anonymous_15)
FN:80,(anonymous_16)
FN:87,(anonymous_18)
FN:102,(anonymous_21)
FN:109,addId
FN:128,(anonymous_25)
FN:144,(anonymous_26)
FN:160,(anonymous_28)
FN:166,(anonymous_30)
FN:168,(anonymous_31)
FN:173,init
FNF:14
FNH:14
FNDA:4,Service
FNDA:60,runQuery
FNDA:60,(anonymous_13)
FNDA:46,(anonymous_15)
FNDA:40,(anonymous_16)
FNDA:194,(anonymous_18)
FNDA:14,(anonymous_21)
FNDA:196,addId
FNDA:12,(anonymous_25)
FNDA:12,(anonymous_26)
FNDA:6,(anonymous_28)
FNDA:182,(anonymous_30)
FNDA:182,(anonymous_31)
FNDA:4,init
DA:11,4
DA:12,1
DA:15,3
DA:16,1
DA:19,2
DA:20,2
DA:21,2
DA:22,2
DA:26,6
DA:29,60
DA:31,60
DA:33,60
DA:37,2
DA:42,60
DA:47,8
DA:52,4
DA:55,60
DA:56,60
DA:57,60
DA:66,60
DA:67,6
DA:70,54
DA:74,46
DA:76,46
DA:79,46
DA:80,40
DA:83,6
DA:87,194
DA:88,194
DA:89,8
DA:92,186
DA:97,6
DA:101,202
DA:102,14
DA:105,188
DA:109,194
DA:110,196
DA:111,97
DA:116,99
DA:118,194
DA:120,194
DA:123,24
DA:124,12
DA:125,12
DA:129,12
DA:131,6
DA:133,6
DA:137,12
DA:148,6
DA:149,0
DA:152,6
DA:153,6
DA:155,6
DA:156,3
DA:159,6
DA:164,184
DA:166,184
DA:174,4
DA:177,1
LF:59
LH:58
BRDA:11,0,0,1
BRDA:11,0,1,3
BRDA:15,1,0,1
BRDA:15,1,1,2
BRDA:20,2,0,2
BRDA:20,2,1,0
BRDA:21,3,0,2
BRDA:21,3,1,1
BRDA:22,4,0,2
BRDA:22,4,1,2
BRDA:29,5,0,74
BRDA:29,5,1,92
BRDA:31,6,0,60
BRDA:31,6,1,0
BRDA:29,7,0,2
BRDA:29,7,1,58
BRDA:29,8,0,60
BRDA:29,8,1,0
BRDA:29,9,0,8
BRDA:29,9,1,52
BRDA:29,10,0,4
BRDA:29,10,1,56
BRDA:60,11,0,60
BRDA:60,11,1,56
BRDA:66,12,0,6
BRDA:66,12,1,54
BRDA:75,13,0,4
BRDA:75,13,1,42
BRDA:74,14,0,46
BRDA:74,14,1,46
BRDA:79,15,0,40
BRDA:79,15,1,6
BRDA:88,16,0,8
BRDA:88,16,1,186
BRDA:101,17,0,14
BRDA:101,17,1,188
BRDA:110,18,0,97
BRDA:110,18,1,99
BRDA:110,19,0,196
BRDA:110,19,1,98
BRDA:118,20,0,2
BRDA:118,20,1,192
BRDA:129,21,0,6
BRDA:129,21,1,6
BRDA:129,22,0,12
BRDA:129,22,1,12
BRDA:129,22,2,6
BRDA:148,23,0,0
BRDA:148,23,1,6
BRDA:148,24,0,6
BRDA:148,24,1,6
BRDA:155,25,0,3
BRDA:155,25,1,3
BRF:53
BRH:49
end_of_record
TN:
SF:/Users/eric/Development/feathersjs/feathers-nedb/src/utils.js
FN:1,multiOptions
FN:13,getSelect
FN:16,(anonymous_2)
FN:23,nfcall
FN:26,(anonymous_4)
FN:27,(anonymous_5)
FNF:6
FNH:6
FNDA:202,multiOptions
FNDA:2,getSelect
FNDA:2,(anonymous_2)
FNDA:654,nfcall
FNDA:654,(anonymous_4)
FNDA:654,(anonymous_5)
DA:2,202
DA:3,202
DA:5,202
DA:6,188
DA:7,188
DA:10,202
DA:14,2
DA:15,2
DA:16,2
DA:17,2
DA:20,0
DA:24,654
DA:26,654
DA:27,654
DA:28,654
DA:29,0
DA:32,654
DA:35,654
LF:18
LH:16
BRDA:3,0,0,202
BRDA:3,0,1,202
BRDA:5,1,0,188
BRDA:5,1,1,14
BRDA:14,2,0,2
BRDA:14,2,1,0
BRDA:28,3,0,0
BRDA:28,3,1,654
BRF:8
BRH:6
end_of_record
